[0.270s] Invoking command in '/home/neha/projectTello/finalProject/src/face_tracking_drone': PS1=(rosenv) \[\e]0;\u@\h: \w\a\]${debian_chroot:+($debian_chroot)}\[\033[01;32m\]\u@\h\[\033[00m\]:\[\033[01;34m\]\w\[\033[00m\]\$ PYTHONPATH=/home/neha/projectTello/finalProject/src/install/face_tracking_drone/lib/python3.8/site-packages:${PYTHONPATH} /usr/bin/python3 setup.py egg_info --egg-base ../build/face_tracking_drone build --build-base /home/neha/projectTello/finalProject/src/build/face_tracking_drone/build install --prefix /home/neha/projectTello/finalProject/src/install/face_tracking_drone --record /home/neha/projectTello/finalProject/src/build/face_tracking_drone/install.log --single-version-externally-managed
[0.489s] running egg_info
[0.490s] writing ../build/face_tracking_drone/face_tracking_drone.egg-info/PKG-INFO
[0.491s] writing dependency_links to ../build/face_tracking_drone/face_tracking_drone.egg-info/dependency_links.txt
[0.491s] writing entry points to ../build/face_tracking_drone/face_tracking_drone.egg-info/entry_points.txt
[0.491s] writing requirements to ../build/face_tracking_drone/face_tracking_drone.egg-info/requires.txt
[0.491s] writing top-level names to ../build/face_tracking_drone/face_tracking_drone.egg-info/top_level.txt
[0.524s] reading manifest file '../build/face_tracking_drone/face_tracking_drone.egg-info/SOURCES.txt'
[0.525s] writing manifest file '../build/face_tracking_drone/face_tracking_drone.egg-info/SOURCES.txt'
[0.525s] running build
[0.525s] running build_py
[0.525s] running install
[0.526s] running install_lib
[0.528s] byte-compiling /home/neha/projectTello/finalProject/src/install/face_tracking_drone/lib/python3.8/site-packages/face_tracking_drone/opencv_node.py to opencv_node.cpython-38.pyc
[0.529s] Sorry: TabError: inconsistent use of tabs and spaces in indentation (opencv_node.py, line 54)
[0.529s] running install_data
[0.530s] running install_egg_info
[0.531s] removing '/home/neha/projectTello/finalProject/src/install/face_tracking_drone/lib/python3.8/site-packages/face_tracking_drone-0.0.0-py3.8.egg-info' (and everything under it)
[0.531s] Copying ../build/face_tracking_drone/face_tracking_drone.egg-info to /home/neha/projectTello/finalProject/src/install/face_tracking_drone/lib/python3.8/site-packages/face_tracking_drone-0.0.0-py3.8.egg-info
[0.532s] running install_scripts
[0.549s] Installing drone_node script to /home/neha/projectTello/finalProject/src/install/face_tracking_drone/lib/face_tracking_drone
[0.549s] Installing opencv_node script to /home/neha/projectTello/finalProject/src/install/face_tracking_drone/lib/face_tracking_drone
[0.549s] writing list of installed files to '/home/neha/projectTello/finalProject/src/build/face_tracking_drone/install.log'
[0.572s] Invoked command in '/home/neha/projectTello/finalProject/src/face_tracking_drone' returned '0': PS1=(rosenv) \[\e]0;\u@\h: \w\a\]${debian_chroot:+($debian_chroot)}\[\033[01;32m\]\u@\h\[\033[00m\]:\[\033[01;34m\]\w\[\033[00m\]\$ PYTHONPATH=/home/neha/projectTello/finalProject/src/install/face_tracking_drone/lib/python3.8/site-packages:${PYTHONPATH} /usr/bin/python3 setup.py egg_info --egg-base ../build/face_tracking_drone build --build-base /home/neha/projectTello/finalProject/src/build/face_tracking_drone/build install --prefix /home/neha/projectTello/finalProject/src/install/face_tracking_drone --record /home/neha/projectTello/finalProject/src/build/face_tracking_drone/install.log --single-version-externally-managed
