running egg_info
creating ../../build/face_tracking_drone/face_tracking_drone.egg-info
writing ../../build/face_tracking_drone/face_tracking_drone.egg-info/PKG-INFO
writing dependency_links to ../../build/face_tracking_drone/face_tracking_drone.egg-info/dependency_links.txt
writing entry points to ../../build/face_tracking_drone/face_tracking_drone.egg-info/entry_points.txt
writing requirements to ../../build/face_tracking_drone/face_tracking_drone.egg-info/requires.txt
writing top-level names to ../../build/face_tracking_drone/face_tracking_drone.egg-info/top_level.txt
writing manifest file '../../build/face_tracking_drone/face_tracking_drone.egg-info/SOURCES.txt'
reading manifest file '../../build/face_tracking_drone/face_tracking_drone.egg-info/SOURCES.txt'
writing manifest file '../../build/face_tracking_drone/face_tracking_drone.egg-info/SOURCES.txt'
running build
running build_py
creating /home/neha/projectTello/finalProject/build/face_tracking_drone/build
creating /home/neha/projectTello/finalProject/build/face_tracking_drone/build/lib
creating /home/neha/projectTello/finalProject/build/face_tracking_drone/build/lib/face_tracking_drone
copying face_tracking_drone/__init__.py -> /home/neha/projectTello/finalProject/build/face_tracking_drone/build/lib/face_tracking_drone
copying face_tracking_drone/drone_node.py -> /home/neha/projectTello/finalProject/build/face_tracking_drone/build/lib/face_tracking_drone
running install
running install_lib
creating /home/neha/projectTello/finalProject/install/face_tracking_drone/lib/python3.8/site-packages/face_tracking_drone
copying /home/neha/projectTello/finalProject/build/face_tracking_drone/build/lib/face_tracking_drone/__init__.py -> /home/neha/projectTello/finalProject/install/face_tracking_drone/lib/python3.8/site-packages/face_tracking_drone
copying /home/neha/projectTello/finalProject/build/face_tracking_drone/build/lib/face_tracking_drone/drone_node.py -> /home/neha/projectTello/finalProject/install/face_tracking_drone/lib/python3.8/site-packages/face_tracking_drone
byte-compiling /home/neha/projectTello/finalProject/install/face_tracking_drone/lib/python3.8/site-packages/face_tracking_drone/__init__.py to __init__.cpython-38.pyc
byte-compiling /home/neha/projectTello/finalProject/install/face_tracking_drone/lib/python3.8/site-packages/face_tracking_drone/drone_node.py to drone_node.cpython-38.pyc
running install_data
creating /home/neha/projectTello/finalProject/install/face_tracking_drone/share/ament_index
creating /home/neha/projectTello/finalProject/install/face_tracking_drone/share/ament_index/resource_index
creating /home/neha/projectTello/finalProject/install/face_tracking_drone/share/ament_index/resource_index/packages
copying resource/face_tracking_drone -> /home/neha/projectTello/finalProject/install/face_tracking_drone/share/ament_index/resource_index/packages
copying package.xml -> /home/neha/projectTello/finalProject/install/face_tracking_drone/share/face_tracking_drone
running install_egg_info
Copying ../../build/face_tracking_drone/face_tracking_drone.egg-info to /home/neha/projectTello/finalProject/install/face_tracking_drone/lib/python3.8/site-packages/face_tracking_drone-0.0.0-py3.8.egg-info
running install_scripts
Installing drone_node script to /home/neha/projectTello/finalProject/install/face_tracking_drone/lib/face_tracking_drone
writing list of installed files to '/home/neha/projectTello/finalProject/build/face_tracking_drone/install.log'
