[0.244s] Invoking command in '/home/neha/projectTello/finalProject/src/face_tracking_drone': PS1=(rosenv) \[\e]0;\u@\h: \w\a\]${debian_chroot:+($debian_chroot)}\[\033[01;32m\]\u@\h\[\033[00m\]:\[\033[01;34m\]\w\[\033[00m\]\$ PYTHONPATH=/home/neha/projectTello/finalProject/install/face_tracking_drone/lib/python3.8/site-packages:${PYTHONPATH} /usr/bin/python3 setup.py egg_info --egg-base ../../build/face_tracking_drone build --build-base /home/neha/projectTello/finalProject/build/face_tracking_drone/build install --prefix /home/neha/projectTello/finalProject/install/face_tracking_drone --record /home/neha/projectTello/finalProject/build/face_tracking_drone/install.log --single-version-externally-managed
[0.454s] running egg_info
[0.454s] creating ../../build/face_tracking_drone/face_tracking_drone.egg-info
[0.455s] writing ../../build/face_tracking_drone/face_tracking_drone.egg-info/PKG-INFO
[0.455s] writing dependency_links to ../../build/face_tracking_drone/face_tracking_drone.egg-info/dependency_links.txt
[0.455s] writing entry points to ../../build/face_tracking_drone/face_tracking_drone.egg-info/entry_points.txt
[0.455s] writing requirements to ../../build/face_tracking_drone/face_tracking_drone.egg-info/requires.txt
[0.455s] writing top-level names to ../../build/face_tracking_drone/face_tracking_drone.egg-info/top_level.txt
[0.456s] writing manifest file '../../build/face_tracking_drone/face_tracking_drone.egg-info/SOURCES.txt'
[0.485s] reading manifest file '../../build/face_tracking_drone/face_tracking_drone.egg-info/SOURCES.txt'
[0.486s] writing manifest file '../../build/face_tracking_drone/face_tracking_drone.egg-info/SOURCES.txt'
[0.486s] running build
[0.486s] running build_py
[0.487s] creating /home/neha/projectTello/finalProject/build/face_tracking_drone/build
[0.487s] creating /home/neha/projectTello/finalProject/build/face_tracking_drone/build/lib
[0.487s] creating /home/neha/projectTello/finalProject/build/face_tracking_drone/build/lib/face_tracking_drone
[0.487s] copying face_tracking_drone/__init__.py -> /home/neha/projectTello/finalProject/build/face_tracking_drone/build/lib/face_tracking_drone
[0.487s] copying face_tracking_drone/drone_node.py -> /home/neha/projectTello/finalProject/build/face_tracking_drone/build/lib/face_tracking_drone
[0.487s] running install
[0.488s] running install_lib
[0.489s] creating /home/neha/projectTello/finalProject/install/face_tracking_drone/lib/python3.8/site-packages/face_tracking_drone
[0.489s] copying /home/neha/projectTello/finalProject/build/face_tracking_drone/build/lib/face_tracking_drone/__init__.py -> /home/neha/projectTello/finalProject/install/face_tracking_drone/lib/python3.8/site-packages/face_tracking_drone
[0.489s] copying /home/neha/projectTello/finalProject/build/face_tracking_drone/build/lib/face_tracking_drone/drone_node.py -> /home/neha/projectTello/finalProject/install/face_tracking_drone/lib/python3.8/site-packages/face_tracking_drone
[0.489s] byte-compiling /home/neha/projectTello/finalProject/install/face_tracking_drone/lib/python3.8/site-packages/face_tracking_drone/__init__.py to __init__.cpython-38.pyc
[0.490s] byte-compiling /home/neha/projectTello/finalProject/install/face_tracking_drone/lib/python3.8/site-packages/face_tracking_drone/drone_node.py to drone_node.cpython-38.pyc
[0.491s] running install_data
[0.491s] creating /home/neha/projectTello/finalProject/install/face_tracking_drone/share/ament_index
[0.491s] creating /home/neha/projectTello/finalProject/install/face_tracking_drone/share/ament_index/resource_index
[0.492s] creating /home/neha/projectTello/finalProject/install/face_tracking_drone/share/ament_index/resource_index/packages
[0.492s] copying resource/face_tracking_drone -> /home/neha/projectTello/finalProject/install/face_tracking_drone/share/ament_index/resource_index/packages
[0.492s] copying package.xml -> /home/neha/projectTello/finalProject/install/face_tracking_drone/share/face_tracking_drone
[0.492s] running install_egg_info
[0.493s] Copying ../../build/face_tracking_drone/face_tracking_drone.egg-info to /home/neha/projectTello/finalProject/install/face_tracking_drone/lib/python3.8/site-packages/face_tracking_drone-0.0.0-py3.8.egg-info
[0.494s] running install_scripts
[0.510s] Installing drone_node script to /home/neha/projectTello/finalProject/install/face_tracking_drone/lib/face_tracking_drone
[0.510s] writing list of installed files to '/home/neha/projectTello/finalProject/build/face_tracking_drone/install.log'
[0.530s] Invoked command in '/home/neha/projectTello/finalProject/src/face_tracking_drone' returned '0': PS1=(rosenv) \[\e]0;\u@\h: \w\a\]${debian_chroot:+($debian_chroot)}\[\033[01;32m\]\u@\h\[\033[00m\]:\[\033[01;34m\]\w\[\033[00m\]\$ PYTHONPATH=/home/neha/projectTello/finalProject/install/face_tracking_drone/lib/python3.8/site-packages:${PYTHONPATH} /usr/bin/python3 setup.py egg_info --egg-base ../../build/face_tracking_drone build --build-base /home/neha/projectTello/finalProject/build/face_tracking_drone/build install --prefix /home/neha/projectTello/finalProject/install/face_tracking_drone --record /home/neha/projectTello/finalProject/build/face_tracking_drone/install.log --single-version-externally-managed
