[0.321s] DEBUG:colcon:Command line arguments: ['/usr/bin/colcon', 'build']
[0.321s] DEBUG:colcon:Parsed command line arguments: Namespace(ament_cmake_args=None, base_paths=['.'], build_base='build', catkin_cmake_args=None, catkin_skip_building_tests=False, cmake_args=None, cmake_clean_cache=False, cmake_clean_first=False, cmake_force_configure=False, cmake_target=None, cmake_target_skip_unavailable=False, continue_on_error=False, event_handlers=None, executor='parallel', ignore_user_meta=False, install_base='install', log_base=None, log_level=None, main=<bound method BuildVerb.main of <colcon_core.verb.build.BuildVerb object at 0x7fb70c22c5e0>>, merge_install=False, metas=['./colcon.meta'], packages_above=None, packages_above_and_dependencies=None, packages_above_depth=None, packages_end=None, packages_ignore=None, packages_ignore_regex=None, packages_select=None, packages_select_build_failed=False, packages_select_by_dep=None, packages_select_regex=None, packages_select_test_failures=False, packages_skip=None, packages_skip_build_finished=False, packages_skip_by_dep=None, packages_skip_regex=None, packages_skip_test_passed=False, packages_skip_up_to=None, packages_start=None, packages_up_to=None, packages_up_to_regex=None, parallel_workers=8, paths=None, symlink_install=False, test_result_base=None, verb_extension=<colcon_core.verb.build.BuildVerb object at 0x7fb70c22c5e0>, verb_name='build', verb_parser=<colcon_defaults.argument_parser.defaults.DefaultArgumentsDecorator object at 0x7fb70c328f40>)
[0.326s] Level 1:colcon.colcon_core.package_discovery:discover_packages(colcon_meta) check parameters
[0.326s] Level 1:colcon.colcon_core.package_discovery:discover_packages(recursive) check parameters
[0.326s] Level 1:colcon.colcon_core.package_discovery:discover_packages(ignore) check parameters
[0.326s] Level 1:colcon.colcon_core.package_discovery:discover_packages(path) check parameters
[0.326s] Level 1:colcon.colcon_core.package_discovery:discover_packages(colcon_meta) discover
[0.326s] Level 1:colcon.colcon_core.package_discovery:discover_packages(recursive) discover
[0.326s] INFO:colcon.colcon_core.package_discovery:Crawling recursively for packages in '/home/neha/projectTello/finalProject/src'
[0.326s] Level 1:colcon.colcon_core.package_identification:_identify(.) by extensions ['ignore', 'ignore_ament_install']
[0.326s] Level 1:colcon.colcon_core.package_identification:_identify(.) by extension 'ignore'
[0.326s] Level 1:colcon.colcon_core.package_identification:_identify(.) by extension 'ignore_ament_install'
[0.326s] Level 1:colcon.colcon_core.package_identification:_identify(.) by extensions ['colcon_pkg']
[0.327s] Level 1:colcon.colcon_core.package_identification:_identify(.) by extension 'colcon_pkg'
[0.327s] Level 1:colcon.colcon_core.package_identification:_identify(.) by extensions ['colcon_meta']
[0.327s] Level 1:colcon.colcon_core.package_identification:_identify(.) by extension 'colcon_meta'
[0.327s] Level 1:colcon.colcon_core.package_identification:_identify(.) by extensions ['ros']
[0.327s] Level 1:colcon.colcon_core.package_identification:_identify(.) by extension 'ros'
[0.339s] Level 1:colcon.colcon_core.package_identification:_identify(.) by extensions ['cmake', 'python']
[0.339s] Level 1:colcon.colcon_core.package_identification:_identify(.) by extension 'cmake'
[0.339s] Level 1:colcon.colcon_core.package_identification:_identify(.) by extension 'python'
[0.339s] Level 1:colcon.colcon_core.package_identification:_identify(.) by extensions ['python_setup_py']
[0.339s] Level 1:colcon.colcon_core.package_identification:_identify(.) by extension 'python_setup_py'
[0.339s] Level 1:colcon.colcon_core.package_identification:_identify(build) by extensions ['ignore', 'ignore_ament_install']
[0.339s] Level 1:colcon.colcon_core.package_identification:_identify(build) by extension 'ignore'
[0.339s] Level 1:colcon.colcon_core.package_identification:_identify(build) ignored
[0.340s] Level 1:colcon.colcon_core.package_identification:_identify(face_tracking_drone) by extensions ['ignore', 'ignore_ament_install']
[0.340s] Level 1:colcon.colcon_core.package_identification:_identify(face_tracking_drone) by extension 'ignore'
[0.340s] Level 1:colcon.colcon_core.package_identification:_identify(face_tracking_drone) by extension 'ignore_ament_install'
[0.340s] Level 1:colcon.colcon_core.package_identification:_identify(face_tracking_drone) by extensions ['colcon_pkg']
[0.340s] Level 1:colcon.colcon_core.package_identification:_identify(face_tracking_drone) by extension 'colcon_pkg'
[0.340s] Level 1:colcon.colcon_core.package_identification:_identify(face_tracking_drone) by extensions ['colcon_meta']
[0.340s] Level 1:colcon.colcon_core.package_identification:_identify(face_tracking_drone) by extension 'colcon_meta'
[0.340s] Level 1:colcon.colcon_core.package_identification:_identify(face_tracking_drone) by extensions ['ros']
[0.340s] Level 1:colcon.colcon_core.package_identification:_identify(face_tracking_drone) by extension 'ros'
[0.342s] DEBUG:colcon.colcon_core.package_identification:Package 'face_tracking_drone' with type 'ros.ament_python' and name 'face_tracking_drone'
[0.342s] Level 1:colcon.colcon_core.package_identification:_identify(install) by extensions ['ignore', 'ignore_ament_install']
[0.342s] Level 1:colcon.colcon_core.package_identification:_identify(install) by extension 'ignore'
[0.342s] Level 1:colcon.colcon_core.package_identification:_identify(install) ignored
[0.342s] Level 1:colcon.colcon_core.package_identification:_identify(log) by extensions ['ignore', 'ignore_ament_install']
[0.342s] Level 1:colcon.colcon_core.package_identification:_identify(log) by extension 'ignore'
[0.342s] Level 1:colcon.colcon_core.package_identification:_identify(log) ignored
[0.342s] Level 1:colcon.colcon_core.package_discovery:discover_packages(recursive) using defaults
[0.342s] Level 1:colcon.colcon_core.package_discovery:discover_packages(ignore) discover
[0.343s] Level 1:colcon.colcon_core.package_discovery:discover_packages(ignore) using defaults
[0.343s] Level 1:colcon.colcon_core.package_discovery:discover_packages(path) discover
[0.343s] Level 1:colcon.colcon_core.package_discovery:discover_packages(path) using defaults
[0.363s] Level 5:colcon.colcon_core.verb:set package 'face_tracking_drone' build argument 'cmake_args' from command line to 'None'
[0.363s] Level 5:colcon.colcon_core.verb:set package 'face_tracking_drone' build argument 'cmake_target' from command line to 'None'
[0.363s] Level 5:colcon.colcon_core.verb:set package 'face_tracking_drone' build argument 'cmake_target_skip_unavailable' from command line to 'False'
[0.363s] Level 5:colcon.colcon_core.verb:set package 'face_tracking_drone' build argument 'cmake_clean_cache' from command line to 'False'
[0.363s] Level 5:colcon.colcon_core.verb:set package 'face_tracking_drone' build argument 'cmake_clean_first' from command line to 'False'
[0.363s] Level 5:colcon.colcon_core.verb:set package 'face_tracking_drone' build argument 'cmake_force_configure' from command line to 'False'
[0.363s] Level 5:colcon.colcon_core.verb:set package 'face_tracking_drone' build argument 'ament_cmake_args' from command line to 'None'
[0.363s] Level 5:colcon.colcon_core.verb:set package 'face_tracking_drone' build argument 'catkin_cmake_args' from command line to 'None'
[0.363s] Level 5:colcon.colcon_core.verb:set package 'face_tracking_drone' build argument 'catkin_skip_building_tests' from command line to 'False'
[0.363s] DEBUG:colcon.colcon_core.verb:Building package 'face_tracking_drone' with the following arguments: {'ament_cmake_args': None, 'build_base': '/home/neha/projectTello/finalProject/src/build/face_tracking_drone', 'catkin_cmake_args': None, 'catkin_skip_building_tests': False, 'cmake_args': None, 'cmake_clean_cache': False, 'cmake_clean_first': False, 'cmake_force_configure': False, 'cmake_target': None, 'cmake_target_skip_unavailable': False, 'install_base': '/home/neha/projectTello/finalProject/src/install/face_tracking_drone', 'merge_install': False, 'path': '/home/neha/projectTello/finalProject/src/face_tracking_drone', 'symlink_install': False, 'test_result_base': None}
[0.363s] INFO:colcon.colcon_core.executor:Executing jobs using 'parallel' executor
[0.366s] DEBUG:colcon.colcon_parallel_executor.executor.parallel:run_until_complete
[0.366s] INFO:colcon.colcon_ros.task.ament_python.build:Building ROS package in '/home/neha/projectTello/finalProject/src/face_tracking_drone' with build type 'ament_python'
[0.366s] Level 1:colcon.colcon_core.shell:create_environment_hook('face_tracking_drone', 'ament_prefix_path')
[0.370s] INFO:colcon.colcon_core.plugin_system:Skipping extension 'colcon_core.shell.bat': Not used on non-Windows systems
[0.370s] INFO:colcon.colcon_core.shell:Creating environment hook '/home/neha/projectTello/finalProject/src/install/face_tracking_drone/share/face_tracking_drone/hook/ament_prefix_path.ps1'
[0.371s] INFO:colcon.colcon_core.shell:Creating environment descriptor '/home/neha/projectTello/finalProject/src/install/face_tracking_drone/share/face_tracking_drone/hook/ament_prefix_path.dsv'
[0.371s] INFO:colcon.colcon_core.shell:Creating environment hook '/home/neha/projectTello/finalProject/src/install/face_tracking_drone/share/face_tracking_drone/hook/ament_prefix_path.sh'
[0.372s] INFO:colcon.colcon_core.shell:Skip shell extension 'powershell' for command environment: Not usable outside of PowerShell
[0.373s] DEBUG:colcon.colcon_core.shell:Skip shell extension 'dsv' for command environment
[0.375s] DEBUG:colcon.colcon_core.shell:Ignoring prefix path '/opt/ros/foxy'
[0.637s] INFO:colcon.colcon_core.task.python.build:Building Python package in '/home/neha/projectTello/finalProject/src/face_tracking_drone'
[0.638s] INFO:colcon.colcon_core.shell:Skip shell extension 'powershell' for command environment: Not usable outside of PowerShell
[0.638s] DEBUG:colcon.colcon_core.shell:Skip shell extension 'dsv' for command environment
[0.640s] DEBUG:colcon.colcon_core.shell:Ignoring prefix path '/opt/ros/foxy'
[0.649s] DEBUG:colcon.colcon_core.event_handler.log_command:Invoking command in '/home/neha/projectTello/finalProject/src/face_tracking_drone': PS1=(rosenv) \[\e]0;\u@\h: \w\a\]${debian_chroot:+($debian_chroot)}\[\033[01;32m\]\u@\h\[\033[00m\]:\[\033[01;34m\]\w\[\033[00m\]\$ PYTHONPATH=/home/neha/projectTello/finalProject/src/install/face_tracking_drone/lib/python3.8/site-packages:${PYTHONPATH} /usr/bin/python3 setup.py egg_info --egg-base ../build/face_tracking_drone build --build-base /home/neha/projectTello/finalProject/src/build/face_tracking_drone/build install --prefix /home/neha/projectTello/finalProject/src/install/face_tracking_drone --record /home/neha/projectTello/finalProject/src/build/face_tracking_drone/install.log --single-version-externally-managed
[0.970s] DEBUG:colcon.colcon_core.event_handler.log_command:Invoked command in '/home/neha/projectTello/finalProject/src/face_tracking_drone' returned '0': PS1=(rosenv) \[\e]0;\u@\h: \w\a\]${debian_chroot:+($debian_chroot)}\[\033[01;32m\]\u@\h\[\033[00m\]:\[\033[01;34m\]\w\[\033[00m\]\$ PYTHONPATH=/home/neha/projectTello/finalProject/src/install/face_tracking_drone/lib/python3.8/site-packages:${PYTHONPATH} /usr/bin/python3 setup.py egg_info --egg-base ../build/face_tracking_drone build --build-base /home/neha/projectTello/finalProject/src/build/face_tracking_drone/build install --prefix /home/neha/projectTello/finalProject/src/install/face_tracking_drone --record /home/neha/projectTello/finalProject/src/build/face_tracking_drone/install.log --single-version-externally-managed
[0.973s] Level 1:colcon.colcon_core.environment:checking '/home/neha/projectTello/finalProject/src/install/face_tracking_drone' for CMake module files
[0.974s] Level 1:colcon.colcon_core.environment:checking '/home/neha/projectTello/finalProject/src/install/face_tracking_drone' for CMake config files
[0.974s] Level 1:colcon.colcon_core.environment:checking '/home/neha/projectTello/finalProject/src/install/face_tracking_drone/lib'
[0.975s] Level 1:colcon.colcon_core.environment:checking '/home/neha/projectTello/finalProject/src/install/face_tracking_drone/bin'
[0.975s] Level 1:colcon.colcon_core.environment:checking '/home/neha/projectTello/finalProject/src/install/face_tracking_drone/lib/pkgconfig/face_tracking_drone.pc'
[0.975s] Level 1:colcon.colcon_core.environment:checking '/home/neha/projectTello/finalProject/src/install/face_tracking_drone/lib/python3.8/site-packages'
[0.975s] Level 1:colcon.colcon_core.shell:create_environment_hook('face_tracking_drone', 'pythonpath')
[0.976s] INFO:colcon.colcon_core.shell:Creating environment hook '/home/neha/projectTello/finalProject/src/install/face_tracking_drone/share/face_tracking_drone/hook/pythonpath.ps1'
[0.976s] INFO:colcon.colcon_core.shell:Creating environment descriptor '/home/neha/projectTello/finalProject/src/install/face_tracking_drone/share/face_tracking_drone/hook/pythonpath.dsv'
[0.976s] INFO:colcon.colcon_core.shell:Creating environment hook '/home/neha/projectTello/finalProject/src/install/face_tracking_drone/share/face_tracking_drone/hook/pythonpath.sh'
[0.977s] Level 1:colcon.colcon_core.environment:create_environment_scripts_only(face_tracking_drone)
[0.978s] INFO:colcon.colcon_core.shell:Creating package script '/home/neha/projectTello/finalProject/src/install/face_tracking_drone/share/face_tracking_drone/package.ps1'
[0.979s] INFO:colcon.colcon_core.shell:Creating package descriptor '/home/neha/projectTello/finalProject/src/install/face_tracking_drone/share/face_tracking_drone/package.dsv'
[0.979s] INFO:colcon.colcon_core.shell:Creating package script '/home/neha/projectTello/finalProject/src/install/face_tracking_drone/share/face_tracking_drone/package.sh'
[0.980s] INFO:colcon.colcon_core.shell:Creating package script '/home/neha/projectTello/finalProject/src/install/face_tracking_drone/share/face_tracking_drone/package.bash'
[0.982s] INFO:colcon.colcon_core.shell:Creating package script '/home/neha/projectTello/finalProject/src/install/face_tracking_drone/share/face_tracking_drone/package.zsh'
[0.982s] Level 1:colcon.colcon_core.environment:create_file_with_runtime_dependencies(/home/neha/projectTello/finalProject/src/install/face_tracking_drone/share/colcon-core/packages/face_tracking_drone)
[0.983s] DEBUG:colcon.colcon_parallel_executor.executor.parallel:closing loop
[0.983s] DEBUG:colcon.colcon_parallel_executor.executor.parallel:loop closed
[0.983s] DEBUG:colcon.colcon_parallel_executor.executor.parallel:run_until_complete finished with '0'
[0.983s] DEBUG:colcon.colcon_core.event_reactor:joining thread
[0.989s] INFO:colcon.colcon_core.plugin_system:Skipping extension 'colcon_notification.desktop_notification.terminal_notifier': Not used on non-Darwin systems
[0.989s] INFO:colcon.colcon_core.plugin_system:Skipping extension 'colcon_notification.desktop_notification.win32': Not used on non-Windows systems
[0.989s] INFO:colcon.colcon_notification.desktop_notification:Sending desktop notification using 'notify2'
[1.005s] DEBUG:colcon.colcon_core.event_reactor:joined thread
[1.006s] INFO:colcon.colcon_core.shell:Creating prefix script '/home/neha/projectTello/finalProject/src/install/local_setup.ps1'
[1.007s] INFO:colcon.colcon_core.shell:Creating prefix util module '/home/neha/projectTello/finalProject/src/install/_local_setup_util_ps1.py'
[1.009s] INFO:colcon.colcon_core.shell:Creating prefix chain script '/home/neha/projectTello/finalProject/src/install/setup.ps1'
[1.013s] INFO:colcon.colcon_core.shell:Creating prefix script '/home/neha/projectTello/finalProject/src/install/local_setup.sh'
[1.014s] INFO:colcon.colcon_core.shell:Creating prefix util module '/home/neha/projectTello/finalProject/src/install/_local_setup_util_sh.py'
[1.014s] INFO:colcon.colcon_core.shell:Creating prefix chain script '/home/neha/projectTello/finalProject/src/install/setup.sh'
[1.016s] INFO:colcon.colcon_core.shell:Creating prefix script '/home/neha/projectTello/finalProject/src/install/local_setup.bash'
[1.016s] INFO:colcon.colcon_core.shell:Creating prefix chain script '/home/neha/projectTello/finalProject/src/install/setup.bash'
[1.019s] INFO:colcon.colcon_core.shell:Creating prefix script '/home/neha/projectTello/finalProject/src/install/local_setup.zsh'
[1.019s] INFO:colcon.colcon_core.shell:Creating prefix chain script '/home/neha/projectTello/finalProject/src/install/setup.zsh'
