In file included from [01m[K/home/neha/projectTello/finalProject/src/build/custom_messages/rosidl_generator_c/custom_messages/msg/detail/int_list__functions.h:19[m[K,
                 from [01m[K/home/neha/projectTello/finalProject/src/build/custom_messages/rosidl_generator_c/custom_messages/msg/detail/int_list__functions.c:4[m[K:
[01m[K/home/neha/projectTello/finalProject/src/build/custom_messages/rosidl_generator_c/custom_messages/msg/detail/int_list__struct.h:22:10:[m[K [01;31m[Kfatal error: [m[Kcustom_messages/msg/detail/int32__struct.h: No such file or directory
   22 | #include [01;31m[K"custom_messages/msg/detail/int32__struct.h"[m[K
      |          [01;31m[K^~~~~~~~~~~~~~~~~~~~~~~~~~~~~~~~~~~~~~~~~~~~[m[K
compilation terminated.
make[2]: *** [CMakeFiles/custom_messages__rosidl_generator_c.dir/build.make:92: CMakeFiles/custom_messages__rosidl_generator_c.dir/rosidl_generator_c/custom_messages/msg/detail/int_list__functions.c.o] Error 1
make[1]: *** [CMakeFiles/Makefile2:273: CMakeFiles/custom_messages__rosidl_generator_c.dir/all] Error 2
make[1]: *** Waiting for unfinished jobs....
In file included from [01m[K/home/neha/projectTello/finalProject/src/build/custom_messages/rosidl_typesupport_introspection_cpp/custom_messages/msg/detail/int_list__type_support.cpp:12[m[K:
[01m[K/home/neha/projectTello/finalProject/src/build/custom_messages/rosidl_generator_cpp/custom_messages/msg/detail/int_list__struct.hpp:19:10:[m[K [01;31m[Kfatal error: [m[Kcustom_messages/msg/detail/int32__struct.hpp: No such file or directory
   19 | #include [01;31m[K"custom_messages/msg/detail/int32__struct.hpp"[m[K
      |          [01;31m[K^~~~~~~~~~~~~~~~~~~~~~~~~~~~~~~~~~~~~~~~~~~~~~[m[K
compilation terminated.
In file included from [01m[K/home/neha/projectTello/finalProject/src/build/custom_messages/rosidl_typesupport_cpp/custom_messages/msg/int_list__type_support.cpp:7[m[K:
[01m[K/home/neha/projectTello/finalProject/src/build/custom_messages/rosidl_generator_cpp/custom_messages/msg/detail/int_list__struct.hpp:19:10:[m[K [01;31m[Kfatal error: [m[Kcustom_messages/msg/detail/int32__struct.hpp: No such file or directory
   19 | #include [01;31m[K"custom_messages/msg/detail/int32__struct.hpp"[m[K
      |          [01;31m[K^~~~~~~~~~~~~~~~~~~~~~~~~~~~~~~~~~~~~~~~~~~~~~[m[K
compilation terminated.
make[2]: *** [CMakeFiles/custom_messages__rosidl_typesupport_introspection_cpp.dir/build.make:78: CMakeFiles/custom_messages__rosidl_typesupport_introspection_cpp.dir/rosidl_typesupport_introspection_cpp/custom_messages/msg/detail/int_list__type_support.cpp.o] Error 1
make[1]: *** [CMakeFiles/Makefile2:442: CMakeFiles/custom_messages__rosidl_typesupport_introspection_cpp.dir/all] Error 2
make[2]: *** [CMakeFiles/custom_messages__rosidl_typesupport_cpp.dir/build.make:73: CMakeFiles/custom_messages__rosidl_typesupport_cpp.dir/rosidl_typesupport_cpp/custom_messages/msg/int_list__type_support.cpp.o] Error 1
make[1]: *** [CMakeFiles/Makefile2:469: CMakeFiles/custom_messages__rosidl_typesupport_cpp.dir/all] Error 2
In file included from [01m[K/home/neha/projectTello/finalProject/src/build/custom_messages/rosidl_typesupport_fastrtps_cpp/custom_messages/msg/detail/int_list__rosidl_typesupport_fastrtps_cpp.hpp:11[m[K,
                 from [01m[K/home/neha/projectTello/finalProject/src/build/custom_messages/rosidl_typesupport_fastrtps_cpp/custom_messages/msg/detail/dds_fastrtps/int_list__type_support.cpp:4[m[K:
[01m[K/home/neha/projectTello/finalProject/src/build/custom_messages/rosidl_generator_cpp/custom_messages/msg/detail/int_list__struct.hpp:19:10:[m[K [01;31m[Kfatal error: [m[Kcustom_messages/msg/detail/int32__struct.hpp: No such file or directory
   19 | #include [01;31m[K"custom_messages/msg/detail/int32__struct.hpp"[m[K
      |          [01;31m[K^~~~~~~~~~~~~~~~~~~~~~~~~~~~~~~~~~~~~~~~~~~~~~[m[K
compilation terminated.
make[2]: *** [CMakeFiles/custom_messages__rosidl_typesupport_fastrtps_cpp.dir/build.make:78: CMakeFiles/custom_messages__rosidl_typesupport_fastrtps_cpp.dir/rosidl_typesupport_fastrtps_cpp/custom_messages/msg/detail/dds_fastrtps/int_list__type_support.cpp.o] Error 1
make[1]: *** [CMakeFiles/Makefile2:415: CMakeFiles/custom_messages__rosidl_typesupport_fastrtps_cpp.dir/all] Error 2
make: *** [Makefile:141: all] Error 2
