[0.024s] Invoking command in '/home/neha/projectTello/finalProject/src/build/custom_messages': CMAKE_PREFIX_PATH=/home/neha/projectTello/finalProject/src/install/face_tracking_drone:/opt/ros/foxy PS1=(rosenv) \[\e]0;\u@\h: \w\a\]${debian_chroot:+($debian_chroot)}\[\033[01;32m\]\u@\h\[\033[00m\]:\[\033[01;34m\]\w\[\033[00m\]\$ /usr/bin/cmake --build /home/neha/projectTello/finalProject/src/build/custom_messages -- -j8 -l8
[0.056s] -- Found ament_cmake: 0.9.8 (/opt/ros/foxy/share/ament_cmake/cmake)
[0.081s] -- Found PythonInterp: /home/neha/.venv/rosenv/bin/python3 (found suitable version "3.8.10", minimum required is "3") 
[0.081s] -- Using PYTHON_EXECUTABLE: /home/neha/.venv/rosenv/bin/python3
[0.315s] -- Found ament_lint_auto: 0.9.6 (/opt/ros/foxy/share/ament_lint_auto/cmake)
[0.382s] -- Found rosidl_default_generators: 1.0.1 (/opt/ros/foxy/share/rosidl_default_generators/cmake)
[0.385s] -- Using all available rosidl_typesupport_c: rosidl_typesupport_fastrtps_c;rosidl_typesupport_introspection_c
[0.389s] -- Found rosidl_adapter: 1.2.1 (/opt/ros/foxy/share/rosidl_adapter/cmake)
[0.527s] -- Using all available rosidl_typesupport_cpp: rosidl_typesupport_fastrtps_cpp;rosidl_typesupport_introspection_cpp
[0.576s] -- Found PythonInterp: /home/neha/.venv/rosenv/bin/python3 (found version "3.8.10") 
[0.649s] -- Found ament_cmake_ros: 0.9.2 (/opt/ros/foxy/share/ament_cmake_ros/cmake)
[0.744s] -- Using all available rosidl_typesupport_c: rosidl_typesupport_fastrtps_c;rosidl_typesupport_introspection_c
[0.750s] -- Using all available rosidl_typesupport_cpp: rosidl_typesupport_fastrtps_cpp;rosidl_typesupport_introspection_cpp
[0.775s] -- Found PythonInterp: /home/neha/.venv/rosenv/bin/python3 (found suitable version "3.8.10", minimum required is "3.5") 
[0.775s] -- Found python_cmake_module: 0.8.1 (/opt/ros/foxy/share/python_cmake_module/cmake)
[0.805s] -- Using PYTHON_EXECUTABLE: /home/neha/.venv/rosenv/bin/python3
[0.805s] -- Using PYTHON_INCLUDE_DIRS: /usr/include/python3.8
[0.805s] -- Using PYTHON_LIBRARIES: /usr/lib/x86_64-linux-gnu/libpython3.8.so
[0.820s] -- Added test 'copyright' to check source files copyright and LICENSE
[0.823s] -- Added test 'flake8' to check Python code syntax and style conventions
[0.824s] -- Added test 'lint_cmake' to check CMake code style
[0.825s] -- Added test 'pep257' to check Python code against some of the style conventions in PEP 257
[0.827s] -- Added test 'xmllint' to check XML markup files
[0.833s] -- Configuring done
[0.865s] -- Generating done
[0.869s] -- Build files have been written to: /home/neha/projectTello/finalProject/src/build/custom_messages
[0.904s] [  6%] Built target custom_messages__cpp
[0.904s] [  6%] [32mBuilding C object CMakeFiles/custom_messages__rosidl_generator_c.dir/rosidl_generator_c/custom_messages/msg/detail/int_list__functions.c.o[0m
[0.915s] In file included from [01m[K/home/neha/projectTello/finalProject/src/build/custom_messages/rosidl_generator_c/custom_messages/msg/detail/int_list__functions.h:19[m[K,
[0.916s]                  from [01m[K/home/neha/projectTello/finalProject/src/build/custom_messages/rosidl_generator_c/custom_messages/msg/detail/int_list__functions.c:4[m[K:
[0.916s] [01m[K/home/neha/projectTello/finalProject/src/build/custom_messages/rosidl_generator_c/custom_messages/msg/detail/int_list__struct.h:22:10:[m[K [01;31m[Kfatal error: [m[Kcustom_messages/msg/detail/int32__struct.h: No such file or directory
[0.916s]    22 | #include [01;31m[K"custom_messages/msg/detail/int32__struct.h"[m[K
[0.916s]       |          [01;31m[K^~~~~~~~~~~~~~~~~~~~~~~~~~~~~~~~~~~~~~~~~~~~[m[K
[0.916s] compilation terminated.
[0.917s] make[2]: *** [CMakeFiles/custom_messages__rosidl_generator_c.dir/build.make:92: CMakeFiles/custom_messages__rosidl_generator_c.dir/rosidl_generator_c/custom_messages/msg/detail/int_list__functions.c.o] Error 1
[0.917s] make[1]: *** [CMakeFiles/Makefile2:273: CMakeFiles/custom_messages__rosidl_generator_c.dir/all] Error 2
[0.918s] make[1]: *** Waiting for unfinished jobs....
[0.924s] [ 12%] [32mBuilding CXX object CMakeFiles/custom_messages__rosidl_typesupport_fastrtps_cpp.dir/rosidl_typesupport_fastrtps_cpp/custom_messages/msg/detail/dds_fastrtps/int_list__type_support.cpp.o[0m
[0.924s] [ 12%] [32mBuilding CXX object CMakeFiles/custom_messages__rosidl_typesupport_introspection_cpp.dir/rosidl_typesupport_introspection_cpp/custom_messages/msg/detail/int_list__type_support.cpp.o[0m
[0.926s] [ 16%] [32mBuilding CXX object CMakeFiles/custom_messages__rosidl_typesupport_cpp.dir/rosidl_typesupport_cpp/custom_messages/msg/int_list__type_support.cpp.o[0m
[0.968s] In file included from [01m[K/home/neha/projectTello/finalProject/src/build/custom_messages/rosidl_typesupport_introspection_cpp/custom_messages/msg/detail/int_list__type_support.cpp:12[m[K:
[0.968s] [01m[K/home/neha/projectTello/finalProject/src/build/custom_messages/rosidl_generator_cpp/custom_messages/msg/detail/int_list__struct.hpp:19:10:[m[K [01;31m[Kfatal error: [m[Kcustom_messages/msg/detail/int32__struct.hpp: No such file or directory
[0.968s]    19 | #include [01;31m[K"custom_messages/msg/detail/int32__struct.hpp"[m[K
[0.968s]       |          [01;31m[K^~~~~~~~~~~~~~~~~~~~~~~~~~~~~~~~~~~~~~~~~~~~~~[m[K
[0.968s] compilation terminated.
[0.969s] In file included from [01m[K/home/neha/projectTello/finalProject/src/build/custom_messages/rosidl_typesupport_cpp/custom_messages/msg/int_list__type_support.cpp:7[m[K:
[0.969s] [01m[K/home/neha/projectTello/finalProject/src/build/custom_messages/rosidl_generator_cpp/custom_messages/msg/detail/int_list__struct.hpp:19:10:[m[K [01;31m[Kfatal error: [m[Kcustom_messages/msg/detail/int32__struct.hpp: No such file or directory
[0.969s]    19 | #include [01;31m[K"custom_messages/msg/detail/int32__struct.hpp"[m[K
[0.970s]       |          [01;31m[K^~~~~~~~~~~~~~~~~~~~~~~~~~~~~~~~~~~~~~~~~~~~~~[m[K
[0.970s] compilation terminated.
[0.970s] make[2]: *** [CMakeFiles/custom_messages__rosidl_typesupport_introspection_cpp.dir/build.make:78: CMakeFiles/custom_messages__rosidl_typesupport_introspection_cpp.dir/rosidl_typesupport_introspection_cpp/custom_messages/msg/detail/int_list__type_support.cpp.o] Error 1
[0.970s] make[1]: *** [CMakeFiles/Makefile2:442: CMakeFiles/custom_messages__rosidl_typesupport_introspection_cpp.dir/all] Error 2
[0.970s] make[2]: *** [CMakeFiles/custom_messages__rosidl_typesupport_cpp.dir/build.make:73: CMakeFiles/custom_messages__rosidl_typesupport_cpp.dir/rosidl_typesupport_cpp/custom_messages/msg/int_list__type_support.cpp.o] Error 1
[0.970s] make[1]: *** [CMakeFiles/Makefile2:469: CMakeFiles/custom_messages__rosidl_typesupport_cpp.dir/all] Error 2
[0.972s] In file included from [01m[K/home/neha/projectTello/finalProject/src/build/custom_messages/rosidl_typesupport_fastrtps_cpp/custom_messages/msg/detail/int_list__rosidl_typesupport_fastrtps_cpp.hpp:11[m[K,
[0.972s]                  from [01m[K/home/neha/projectTello/finalProject/src/build/custom_messages/rosidl_typesupport_fastrtps_cpp/custom_messages/msg/detail/dds_fastrtps/int_list__type_support.cpp:4[m[K:
[0.972s] [01m[K/home/neha/projectTello/finalProject/src/build/custom_messages/rosidl_generator_cpp/custom_messages/msg/detail/int_list__struct.hpp:19:10:[m[K [01;31m[Kfatal error: [m[Kcustom_messages/msg/detail/int32__struct.hpp: No such file or directory
[0.972s]    19 | #include [01;31m[K"custom_messages/msg/detail/int32__struct.hpp"[m[K
[0.973s]       |          [01;31m[K^~~~~~~~~~~~~~~~~~~~~~~~~~~~~~~~~~~~~~~~~~~~~~[m[K
[0.973s] compilation terminated.
[0.974s] make[2]: *** [CMakeFiles/custom_messages__rosidl_typesupport_fastrtps_cpp.dir/build.make:78: CMakeFiles/custom_messages__rosidl_typesupport_fastrtps_cpp.dir/rosidl_typesupport_fastrtps_cpp/custom_messages/msg/detail/dds_fastrtps/int_list__type_support.cpp.o] Error 1
[0.974s] make[1]: *** [CMakeFiles/Makefile2:415: CMakeFiles/custom_messages__rosidl_typesupport_fastrtps_cpp.dir/all] Error 2
[0.974s] make: *** [Makefile:141: all] Error 2
[0.976s] Invoked command in '/home/neha/projectTello/finalProject/src/build/custom_messages' returned '2': CMAKE_PREFIX_PATH=/home/neha/projectTello/finalProject/src/install/face_tracking_drone:/opt/ros/foxy PS1=(rosenv) \[\e]0;\u@\h: \w\a\]${debian_chroot:+($debian_chroot)}\[\033[01;32m\]\u@\h\[\033[00m\]:\[\033[01;34m\]\w\[\033[00m\]\$ /usr/bin/cmake --build /home/neha/projectTello/finalProject/src/build/custom_messages -- -j8 -l8
