[0.275s] DEBUG:colcon:Command line arguments: ['/usr/bin/colcon', 'build']
[0.275s] DEBUG:colcon:Parsed command line arguments: Namespace(ament_cmake_args=None, base_paths=['.'], build_base='build', catkin_cmake_args=None, catkin_skip_building_tests=False, cmake_args=None, cmake_clean_cache=False, cmake_clean_first=False, cmake_force_configure=False, cmake_target=None, cmake_target_skip_unavailable=False, continue_on_error=False, event_handlers=None, executor='parallel', ignore_user_meta=False, install_base='install', log_base=None, log_level=None, main=<bound method BuildVerb.main of <colcon_core.verb.build.BuildVerb object at 0x7fa75c0bbfd0>>, merge_install=False, metas=['./colcon.meta'], packages_above=None, packages_above_and_dependencies=None, packages_above_depth=None, packages_end=None, packages_ignore=None, packages_ignore_regex=None, packages_select=None, packages_select_build_failed=False, packages_select_by_dep=None, packages_select_regex=None, packages_select_test_failures=False, packages_skip=None, packages_skip_build_finished=False, packages_skip_by_dep=None, packages_skip_regex=None, packages_skip_test_passed=False, packages_skip_up_to=None, packages_start=None, packages_up_to=None, packages_up_to_regex=None, parallel_workers=8, paths=None, symlink_install=False, test_result_base=None, verb_extension=<colcon_core.verb.build.BuildVerb object at 0x7fa75c0bbfd0>, verb_name='build', verb_parser=<colcon_defaults.argument_parser.defaults.DefaultArgumentsDecorator object at 0x7fa75c1b7e50>)
[0.280s] Level 1:colcon.colcon_core.package_discovery:discover_packages(colcon_meta) check parameters
[0.280s] Level 1:colcon.colcon_core.package_discovery:discover_packages(recursive) check parameters
[0.280s] Level 1:colcon.colcon_core.package_discovery:discover_packages(ignore) check parameters
[0.280s] Level 1:colcon.colcon_core.package_discovery:discover_packages(path) check parameters
[0.280s] Level 1:colcon.colcon_core.package_discovery:discover_packages(colcon_meta) discover
[0.280s] Level 1:colcon.colcon_core.package_discovery:discover_packages(recursive) discover
[0.280s] INFO:colcon.colcon_core.package_discovery:Crawling recursively for packages in '/home/neha/projectTello/finalProject/src'
[0.280s] Level 1:colcon.colcon_core.package_identification:_identify(.) by extensions ['ignore', 'ignore_ament_install']
[0.280s] Level 1:colcon.colcon_core.package_identification:_identify(.) by extension 'ignore'
[0.280s] Level 1:colcon.colcon_core.package_identification:_identify(.) by extension 'ignore_ament_install'
[0.280s] Level 1:colcon.colcon_core.package_identification:_identify(.) by extensions ['colcon_pkg']
[0.280s] Level 1:colcon.colcon_core.package_identification:_identify(.) by extension 'colcon_pkg'
[0.280s] Level 1:colcon.colcon_core.package_identification:_identify(.) by extensions ['colcon_meta']
[0.280s] Level 1:colcon.colcon_core.package_identification:_identify(.) by extension 'colcon_meta'
[0.281s] Level 1:colcon.colcon_core.package_identification:_identify(.) by extensions ['ros']
[0.281s] Level 1:colcon.colcon_core.package_identification:_identify(.) by extension 'ros'
[0.291s] Level 1:colcon.colcon_core.package_identification:_identify(.) by extensions ['cmake', 'python']
[0.291s] Level 1:colcon.colcon_core.package_identification:_identify(.) by extension 'cmake'
[0.291s] Level 1:colcon.colcon_core.package_identification:_identify(.) by extension 'python'
[0.291s] Level 1:colcon.colcon_core.package_identification:_identify(.) by extensions ['python_setup_py']
[0.291s] Level 1:colcon.colcon_core.package_identification:_identify(.) by extension 'python_setup_py'
[0.291s] Level 1:colcon.colcon_core.package_identification:_identify(build) by extensions ['ignore', 'ignore_ament_install']
[0.291s] Level 1:colcon.colcon_core.package_identification:_identify(build) by extension 'ignore'
[0.291s] Level 1:colcon.colcon_core.package_identification:_identify(build) ignored
[0.292s] Level 1:colcon.colcon_core.package_identification:_identify(custom_messages) by extensions ['ignore', 'ignore_ament_install']
[0.292s] Level 1:colcon.colcon_core.package_identification:_identify(custom_messages) by extension 'ignore'
[0.292s] Level 1:colcon.colcon_core.package_identification:_identify(custom_messages) by extension 'ignore_ament_install'
[0.292s] Level 1:colcon.colcon_core.package_identification:_identify(custom_messages) by extensions ['colcon_pkg']
[0.292s] Level 1:colcon.colcon_core.package_identification:_identify(custom_messages) by extension 'colcon_pkg'
[0.292s] Level 1:colcon.colcon_core.package_identification:_identify(custom_messages) by extensions ['colcon_meta']
[0.292s] Level 1:colcon.colcon_core.package_identification:_identify(custom_messages) by extension 'colcon_meta'
[0.292s] Level 1:colcon.colcon_core.package_identification:_identify(custom_messages) by extensions ['ros']
[0.292s] Level 1:colcon.colcon_core.package_identification:_identify(custom_messages) by extension 'ros'
[0.294s] DEBUG:colcon.colcon_core.package_identification:Package 'custom_messages' with type 'ros.ament_cmake' and name 'custom_messages'
[0.294s] Level 1:colcon.colcon_core.package_identification:_identify(face_tracking_drone) by extensions ['ignore', 'ignore_ament_install']
[0.294s] Level 1:colcon.colcon_core.package_identification:_identify(face_tracking_drone) by extension 'ignore'
[0.294s] Level 1:colcon.colcon_core.package_identification:_identify(face_tracking_drone) by extension 'ignore_ament_install'
[0.294s] Level 1:colcon.colcon_core.package_identification:_identify(face_tracking_drone) by extensions ['colcon_pkg']
[0.294s] Level 1:colcon.colcon_core.package_identification:_identify(face_tracking_drone) by extension 'colcon_pkg'
[0.294s] Level 1:colcon.colcon_core.package_identification:_identify(face_tracking_drone) by extensions ['colcon_meta']
[0.294s] Level 1:colcon.colcon_core.package_identification:_identify(face_tracking_drone) by extension 'colcon_meta'
[0.294s] Level 1:colcon.colcon_core.package_identification:_identify(face_tracking_drone) by extensions ['ros']
[0.294s] Level 1:colcon.colcon_core.package_identification:_identify(face_tracking_drone) by extension 'ros'
[0.295s] DEBUG:colcon.colcon_core.package_identification:Package 'face_tracking_drone' with type 'ros.ament_python' and name 'face_tracking_drone'
[0.295s] Level 1:colcon.colcon_core.package_identification:_identify(install) by extensions ['ignore', 'ignore_ament_install']
[0.295s] Level 1:colcon.colcon_core.package_identification:_identify(install) by extension 'ignore'
[0.295s] Level 1:colcon.colcon_core.package_identification:_identify(install) ignored
[0.295s] Level 1:colcon.colcon_core.package_identification:_identify(log) by extensions ['ignore', 'ignore_ament_install']
[0.295s] Level 1:colcon.colcon_core.package_identification:_identify(log) by extension 'ignore'
[0.295s] Level 1:colcon.colcon_core.package_identification:_identify(log) ignored
[0.295s] Level 1:colcon.colcon_core.package_discovery:discover_packages(recursive) using defaults
[0.295s] Level 1:colcon.colcon_core.package_discovery:discover_packages(ignore) discover
[0.295s] Level 1:colcon.colcon_core.package_discovery:discover_packages(ignore) using defaults
[0.295s] Level 1:colcon.colcon_core.package_discovery:discover_packages(path) discover
[0.295s] Level 1:colcon.colcon_core.package_discovery:discover_packages(path) using defaults
[0.312s] Level 5:colcon.colcon_core.verb:set package 'custom_messages' build argument 'cmake_args' from command line to 'None'
[0.312s] Level 5:colcon.colcon_core.verb:set package 'custom_messages' build argument 'cmake_target' from command line to 'None'
[0.312s] Level 5:colcon.colcon_core.verb:set package 'custom_messages' build argument 'cmake_target_skip_unavailable' from command line to 'False'
[0.312s] Level 5:colcon.colcon_core.verb:set package 'custom_messages' build argument 'cmake_clean_cache' from command line to 'False'
[0.312s] Level 5:colcon.colcon_core.verb:set package 'custom_messages' build argument 'cmake_clean_first' from command line to 'False'
[0.312s] Level 5:colcon.colcon_core.verb:set package 'custom_messages' build argument 'cmake_force_configure' from command line to 'False'
[0.312s] Level 5:colcon.colcon_core.verb:set package 'custom_messages' build argument 'ament_cmake_args' from command line to 'None'
[0.312s] Level 5:colcon.colcon_core.verb:set package 'custom_messages' build argument 'catkin_cmake_args' from command line to 'None'
[0.312s] Level 5:colcon.colcon_core.verb:set package 'custom_messages' build argument 'catkin_skip_building_tests' from command line to 'False'
[0.312s] DEBUG:colcon.colcon_core.verb:Building package 'custom_messages' with the following arguments: {'ament_cmake_args': None, 'build_base': '/home/neha/projectTello/finalProject/src/build/custom_messages', 'catkin_cmake_args': None, 'catkin_skip_building_tests': False, 'cmake_args': None, 'cmake_clean_cache': False, 'cmake_clean_first': False, 'cmake_force_configure': False, 'cmake_target': None, 'cmake_target_skip_unavailable': False, 'install_base': '/home/neha/projectTello/finalProject/src/install/custom_messages', 'merge_install': False, 'path': '/home/neha/projectTello/finalProject/src/custom_messages', 'symlink_install': False, 'test_result_base': None}
[0.315s] Level 5:colcon.colcon_core.verb:set package 'face_tracking_drone' build argument 'cmake_args' from command line to 'None'
[0.315s] Level 5:colcon.colcon_core.verb:set package 'face_tracking_drone' build argument 'cmake_target' from command line to 'None'
[0.315s] Level 5:colcon.colcon_core.verb:set package 'face_tracking_drone' build argument 'cmake_target_skip_unavailable' from command line to 'False'
[0.315s] Level 5:colcon.colcon_core.verb:set package 'face_tracking_drone' build argument 'cmake_clean_cache' from command line to 'False'
[0.315s] Level 5:colcon.colcon_core.verb:set package 'face_tracking_drone' build argument 'cmake_clean_first' from command line to 'False'
[0.315s] Level 5:colcon.colcon_core.verb:set package 'face_tracking_drone' build argument 'cmake_force_configure' from command line to 'False'
[0.315s] Level 5:colcon.colcon_core.verb:set package 'face_tracking_drone' build argument 'ament_cmake_args' from command line to 'None'
[0.315s] Level 5:colcon.colcon_core.verb:set package 'face_tracking_drone' build argument 'catkin_cmake_args' from command line to 'None'
[0.315s] Level 5:colcon.colcon_core.verb:set package 'face_tracking_drone' build argument 'catkin_skip_building_tests' from command line to 'False'
[0.315s] DEBUG:colcon.colcon_core.verb:Building package 'face_tracking_drone' with the following arguments: {'ament_cmake_args': None, 'build_base': '/home/neha/projectTello/finalProject/src/build/face_tracking_drone', 'catkin_cmake_args': None, 'catkin_skip_building_tests': False, 'cmake_args': None, 'cmake_clean_cache': False, 'cmake_clean_first': False, 'cmake_force_configure': False, 'cmake_target': None, 'cmake_target_skip_unavailable': False, 'install_base': '/home/neha/projectTello/finalProject/src/install/face_tracking_drone', 'merge_install': False, 'path': '/home/neha/projectTello/finalProject/src/face_tracking_drone', 'symlink_install': False, 'test_result_base': None}
[0.315s] INFO:colcon.colcon_core.executor:Executing jobs using 'parallel' executor
[0.317s] DEBUG:colcon.colcon_parallel_executor.executor.parallel:run_until_complete
[0.317s] INFO:colcon.colcon_ros.task.ament_cmake.build:Building ROS package in '/home/neha/projectTello/finalProject/src/custom_messages' with build type 'ament_cmake'
[0.317s] INFO:colcon.colcon_cmake.task.cmake.build:Building CMake package in '/home/neha/projectTello/finalProject/src/custom_messages'
[0.321s] INFO:colcon.colcon_core.plugin_system:Skipping extension 'colcon_core.shell.bat': Not used on non-Windows systems
[0.321s] INFO:colcon.colcon_core.shell:Skip shell extension 'powershell' for command environment: Not usable outside of PowerShell
[0.321s] DEBUG:colcon.colcon_core.shell:Skip shell extension 'dsv' for command environment
[0.323s] DEBUG:colcon.colcon_core.shell:Ignoring prefix path '/opt/ros/foxy'
[0.325s] INFO:colcon.colcon_ros.task.ament_python.build:Building ROS package in '/home/neha/projectTello/finalProject/src/face_tracking_drone' with build type 'ament_python'
[0.325s] Level 1:colcon.colcon_core.shell:create_environment_hook('face_tracking_drone', 'ament_prefix_path')
[0.326s] INFO:colcon.colcon_core.shell:Creating environment hook '/home/neha/projectTello/finalProject/src/install/face_tracking_drone/share/face_tracking_drone/hook/ament_prefix_path.ps1'
[0.327s] INFO:colcon.colcon_core.shell:Creating environment descriptor '/home/neha/projectTello/finalProject/src/install/face_tracking_drone/share/face_tracking_drone/hook/ament_prefix_path.dsv'
[0.328s] INFO:colcon.colcon_core.shell:Creating environment hook '/home/neha/projectTello/finalProject/src/install/face_tracking_drone/share/face_tracking_drone/hook/ament_prefix_path.sh'
[0.329s] INFO:colcon.colcon_core.shell:Skip shell extension 'powershell' for command environment: Not usable outside of PowerShell
[0.329s] DEBUG:colcon.colcon_core.shell:Skip shell extension 'dsv' for command environment
[0.330s] DEBUG:colcon.colcon_core.shell:Ignoring prefix path '/opt/ros/foxy'
[0.342s] DEBUG:colcon.colcon_core.event_handler.log_command:Invoking command in '/home/neha/projectTello/finalProject/src/build/custom_messages': CMAKE_PREFIX_PATH=/opt/ros/foxy PS1=(rosenv) \[\e]0;\u@\h: \w\a\]${debian_chroot:+($debian_chroot)}\[\033[01;32m\]\u@\h\[\033[00m\]:\[\033[01;34m\]\w\[\033[00m\]\$ /usr/bin/cmake /home/neha/projectTello/finalProject/src/custom_messages -DCMAKE_INSTALL_PREFIX=/home/neha/projectTello/finalProject/src/install/custom_messages
[0.588s] INFO:colcon.colcon_core.task.python.build:Building Python package in '/home/neha/projectTello/finalProject/src/face_tracking_drone'
[0.590s] INFO:colcon.colcon_core.shell:Skip shell extension 'powershell' for command environment: Not usable outside of PowerShell
[0.590s] DEBUG:colcon.colcon_core.shell:Skip shell extension 'dsv' for command environment
[0.592s] DEBUG:colcon.colcon_core.shell:Ignoring prefix path '/opt/ros/foxy'
[0.602s] DEBUG:colcon.colcon_core.event_handler.log_command:Invoking command in '/home/neha/projectTello/finalProject/src/face_tracking_drone': PS1=(rosenv) \[\e]0;\u@\h: \w\a\]${debian_chroot:+($debian_chroot)}\[\033[01;32m\]\u@\h\[\033[00m\]:\[\033[01;34m\]\w\[\033[00m\]\$ PYTHONPATH=/home/neha/projectTello/finalProject/src/install/face_tracking_drone/lib/python3.8/site-packages:${PYTHONPATH} /usr/bin/python3 setup.py egg_info --egg-base ../build/face_tracking_drone build --build-base /home/neha/projectTello/finalProject/src/build/face_tracking_drone/build install --prefix /home/neha/projectTello/finalProject/src/install/face_tracking_drone --record /home/neha/projectTello/finalProject/src/build/face_tracking_drone/install.log --single-version-externally-managed
[0.921s] DEBUG:colcon.colcon_core.event_handler.log_command:Invoked command in '/home/neha/projectTello/finalProject/src/face_tracking_drone' returned '0': PS1=(rosenv) \[\e]0;\u@\h: \w\a\]${debian_chroot:+($debian_chroot)}\[\033[01;32m\]\u@\h\[\033[00m\]:\[\033[01;34m\]\w\[\033[00m\]\$ PYTHONPATH=/home/neha/projectTello/finalProject/src/install/face_tracking_drone/lib/python3.8/site-packages:${PYTHONPATH} /usr/bin/python3 setup.py egg_info --egg-base ../build/face_tracking_drone build --build-base /home/neha/projectTello/finalProject/src/build/face_tracking_drone/build install --prefix /home/neha/projectTello/finalProject/src/install/face_tracking_drone --record /home/neha/projectTello/finalProject/src/build/face_tracking_drone/install.log --single-version-externally-managed
[0.923s] Level 1:colcon.colcon_core.environment:checking '/home/neha/projectTello/finalProject/src/install/face_tracking_drone' for CMake module files
[0.924s] Level 1:colcon.colcon_core.environment:checking '/home/neha/projectTello/finalProject/src/install/face_tracking_drone' for CMake config files
[0.924s] Level 1:colcon.colcon_core.environment:checking '/home/neha/projectTello/finalProject/src/install/face_tracking_drone/lib'
[0.924s] Level 1:colcon.colcon_core.environment:checking '/home/neha/projectTello/finalProject/src/install/face_tracking_drone/bin'
[0.924s] Level 1:colcon.colcon_core.environment:checking '/home/neha/projectTello/finalProject/src/install/face_tracking_drone/lib/pkgconfig/face_tracking_drone.pc'
[0.924s] Level 1:colcon.colcon_core.environment:checking '/home/neha/projectTello/finalProject/src/install/face_tracking_drone/lib/python3.8/site-packages'
[0.925s] Level 1:colcon.colcon_core.shell:create_environment_hook('face_tracking_drone', 'pythonpath')
[0.925s] INFO:colcon.colcon_core.shell:Creating environment hook '/home/neha/projectTello/finalProject/src/install/face_tracking_drone/share/face_tracking_drone/hook/pythonpath.ps1'
[0.926s] INFO:colcon.colcon_core.shell:Creating environment descriptor '/home/neha/projectTello/finalProject/src/install/face_tracking_drone/share/face_tracking_drone/hook/pythonpath.dsv'
[0.926s] INFO:colcon.colcon_core.shell:Creating environment hook '/home/neha/projectTello/finalProject/src/install/face_tracking_drone/share/face_tracking_drone/hook/pythonpath.sh'
[0.926s] Level 1:colcon.colcon_core.environment:create_environment_scripts_only(face_tracking_drone)
[0.927s] INFO:colcon.colcon_core.shell:Creating package script '/home/neha/projectTello/finalProject/src/install/face_tracking_drone/share/face_tracking_drone/package.ps1'
[0.927s] INFO:colcon.colcon_core.shell:Creating package descriptor '/home/neha/projectTello/finalProject/src/install/face_tracking_drone/share/face_tracking_drone/package.dsv'
[0.928s] INFO:colcon.colcon_core.shell:Creating package script '/home/neha/projectTello/finalProject/src/install/face_tracking_drone/share/face_tracking_drone/package.sh'
[0.929s] INFO:colcon.colcon_core.shell:Creating package script '/home/neha/projectTello/finalProject/src/install/face_tracking_drone/share/face_tracking_drone/package.bash'
[0.929s] INFO:colcon.colcon_core.shell:Creating package script '/home/neha/projectTello/finalProject/src/install/face_tracking_drone/share/face_tracking_drone/package.zsh'
[0.930s] Level 1:colcon.colcon_core.environment:create_file_with_runtime_dependencies(/home/neha/projectTello/finalProject/src/install/face_tracking_drone/share/colcon-core/packages/face_tracking_drone)
[1.740s] DEBUG:colcon.colcon_core.event_handler.log_command:Invoked command in '/home/neha/projectTello/finalProject/src/build/custom_messages' returned '0': CMAKE_PREFIX_PATH=/opt/ros/foxy PS1=(rosenv) \[\e]0;\u@\h: \w\a\]${debian_chroot:+($debian_chroot)}\[\033[01;32m\]\u@\h\[\033[00m\]:\[\033[01;34m\]\w\[\033[00m\]\$ /usr/bin/cmake /home/neha/projectTello/finalProject/src/custom_messages -DCMAKE_INSTALL_PREFIX=/home/neha/projectTello/finalProject/src/install/custom_messages
[1.743s] DEBUG:colcon.colcon_core.event_handler.log_command:Invoking command in '/home/neha/projectTello/finalProject/src/build/custom_messages': CMAKE_PREFIX_PATH=/opt/ros/foxy PS1=(rosenv) \[\e]0;\u@\h: \w\a\]${debian_chroot:+($debian_chroot)}\[\033[01;32m\]\u@\h\[\033[00m\]:\[\033[01;34m\]\w\[\033[00m\]\$ /usr/bin/cmake --build /home/neha/projectTello/finalProject/src/build/custom_messages -- -j8 -l8
[2.836s] DEBUG:colcon.colcon_core.event_handler.log_command:Invoked command in '/home/neha/projectTello/finalProject/src/build/custom_messages' returned '2': CMAKE_PREFIX_PATH=/opt/ros/foxy PS1=(rosenv) \[\e]0;\u@\h: \w\a\]${debian_chroot:+($debian_chroot)}\[\033[01;32m\]\u@\h\[\033[00m\]:\[\033[01;34m\]\w\[\033[00m\]\$ /usr/bin/cmake --build /home/neha/projectTello/finalProject/src/build/custom_messages -- -j8 -l8
[3.014s] Level 1:colcon.colcon_core.environment:create_environment_scripts_only(custom_messages)
[3.020s] Level 1:colcon.colcon_core.environment:checking '/home/neha/projectTello/finalProject/src/install/custom_messages' for CMake module files
[3.022s] Level 1:colcon.colcon_core.environment:checking '/home/neha/projectTello/finalProject/src/install/custom_messages' for CMake config files
[3.023s] Level 1:colcon.colcon_core.environment:checking '/home/neha/projectTello/finalProject/src/install/custom_messages/bin'
[3.024s] Level 1:colcon.colcon_core.environment:checking '/home/neha/projectTello/finalProject/src/install/custom_messages/lib/pkgconfig/custom_messages.pc'
[3.024s] Level 1:colcon.colcon_core.environment:checking '/home/neha/projectTello/finalProject/src/install/custom_messages/lib/python3.8/site-packages'
[3.028s] INFO:colcon.colcon_core.shell:Creating package script '/home/neha/projectTello/finalProject/src/install/custom_messages/share/custom_messages/package.ps1'
[3.032s] INFO:colcon.colcon_core.shell:Creating package descriptor '/home/neha/projectTello/finalProject/src/install/custom_messages/share/custom_messages/package.dsv'
[3.034s] INFO:colcon.colcon_core.shell:Creating package script '/home/neha/projectTello/finalProject/src/install/custom_messages/share/custom_messages/package.sh'
[3.036s] INFO:colcon.colcon_core.shell:Creating package script '/home/neha/projectTello/finalProject/src/install/custom_messages/share/custom_messages/package.bash'
[3.038s] INFO:colcon.colcon_core.shell:Creating package script '/home/neha/projectTello/finalProject/src/install/custom_messages/share/custom_messages/package.zsh'
[3.040s] Level 1:colcon.colcon_core.environment:create_file_with_runtime_dependencies(/home/neha/projectTello/finalProject/src/install/custom_messages/share/colcon-core/packages/custom_messages)
[3.052s] DEBUG:colcon.colcon_parallel_executor.executor.parallel:closing loop
[3.052s] DEBUG:colcon.colcon_parallel_executor.executor.parallel:loop closed
[3.053s] DEBUG:colcon.colcon_parallel_executor.executor.parallel:run_until_complete finished with '2'
[3.053s] DEBUG:colcon.colcon_core.event_reactor:joining thread
[3.076s] INFO:colcon.colcon_core.plugin_system:Skipping extension 'colcon_notification.desktop_notification.terminal_notifier': Not used on non-Darwin systems
[3.076s] INFO:colcon.colcon_core.plugin_system:Skipping extension 'colcon_notification.desktop_notification.win32': Not used on non-Windows systems
[3.076s] INFO:colcon.colcon_notification.desktop_notification:Sending desktop notification using 'notify2'
[3.136s] DEBUG:colcon.colcon_core.event_reactor:joined thread
[3.138s] INFO:colcon.colcon_core.shell:Creating prefix script '/home/neha/projectTello/finalProject/src/install/local_setup.ps1'
[3.140s] INFO:colcon.colcon_core.shell:Creating prefix util module '/home/neha/projectTello/finalProject/src/install/_local_setup_util_ps1.py'
[3.145s] INFO:colcon.colcon_core.shell:Creating prefix chain script '/home/neha/projectTello/finalProject/src/install/setup.ps1'
[3.151s] INFO:colcon.colcon_core.shell:Creating prefix script '/home/neha/projectTello/finalProject/src/install/local_setup.sh'
[3.152s] INFO:colcon.colcon_core.shell:Creating prefix util module '/home/neha/projectTello/finalProject/src/install/_local_setup_util_sh.py'
[3.153s] INFO:colcon.colcon_core.shell:Creating prefix chain script '/home/neha/projectTello/finalProject/src/install/setup.sh'
[3.157s] INFO:colcon.colcon_core.shell:Creating prefix script '/home/neha/projectTello/finalProject/src/install/local_setup.bash'
[3.159s] INFO:colcon.colcon_core.shell:Creating prefix chain script '/home/neha/projectTello/finalProject/src/install/setup.bash'
[3.164s] INFO:colcon.colcon_core.shell:Creating prefix script '/home/neha/projectTello/finalProject/src/install/local_setup.zsh'
[3.165s] INFO:colcon.colcon_core.shell:Creating prefix chain script '/home/neha/projectTello/finalProject/src/install/setup.zsh'
