[0.885s] Invoking command in '/home/neha/projectTello/finalProject/src/face_tracking_drone': PS1=(rosenv) \[\e]0;\u@\h: \w\a\]${debian_chroot:+($debian_chroot)}\[\033[01;32m\]\u@\h\[\033[00m\]:\[\033[01;34m\]\w\[\033[00m\]\$ PYTHONPATH=/home/neha/projectTello/finalProject/install/face_tracking_drone/lib/python3.8/site-packages:${PYTHONPATH} /usr/bin/python3 setup.py egg_info --egg-base ../../build/face_tracking_drone build --build-base /home/neha/projectTello/finalProject/build/face_tracking_drone/build install --prefix /home/neha/projectTello/finalProject/install/face_tracking_drone --record /home/neha/projectTello/finalProject/build/face_tracking_drone/install.log --single-version-externally-managed
[1.351s] running egg_info
[1.352s] writing ../../build/face_tracking_drone/face_tracking_drone.egg-info/PKG-INFO
[1.354s] writing dependency_links to ../../build/face_tracking_drone/face_tracking_drone.egg-info/dependency_links.txt
[1.356s] writing entry points to ../../build/face_tracking_drone/face_tracking_drone.egg-info/entry_points.txt
[1.357s] writing requirements to ../../build/face_tracking_drone/face_tracking_drone.egg-info/requires.txt
[1.357s] writing top-level names to ../../build/face_tracking_drone/face_tracking_drone.egg-info/top_level.txt
[1.407s] reading manifest file '../../build/face_tracking_drone/face_tracking_drone.egg-info/SOURCES.txt'
[1.408s] writing manifest file '../../build/face_tracking_drone/face_tracking_drone.egg-info/SOURCES.txt'
[1.408s] running build
[1.408s] running build_py
[1.408s] copying face_tracking_drone/drive_node.py -> /home/neha/projectTello/finalProject/build/face_tracking_drone/build/lib/face_tracking_drone
[1.408s] copying face_tracking_drone/opencv_node.py -> /home/neha/projectTello/finalProject/build/face_tracking_drone/build/lib/face_tracking_drone
[1.409s] running install
[1.410s] running install_lib
[1.412s] copying /home/neha/projectTello/finalProject/build/face_tracking_drone/build/lib/face_tracking_drone/drive_node.py -> /home/neha/projectTello/finalProject/install/face_tracking_drone/lib/python3.8/site-packages/face_tracking_drone
[1.412s] copying /home/neha/projectTello/finalProject/build/face_tracking_drone/build/lib/face_tracking_drone/opencv_node.py -> /home/neha/projectTello/finalProject/install/face_tracking_drone/lib/python3.8/site-packages/face_tracking_drone
[1.413s] byte-compiling /home/neha/projectTello/finalProject/install/face_tracking_drone/lib/python3.8/site-packages/face_tracking_drone/drive_node.py to drive_node.cpython-38.pyc
[1.415s] Sorry: IndentationError: expected an indented block (drive_node.py, line 31)
[1.415s] byte-compiling /home/neha/projectTello/finalProject/install/face_tracking_drone/lib/python3.8/site-packages/face_tracking_drone/opencv_node.py to opencv_node.cpython-38.pyc
[1.416s] running install_data
[1.417s] running install_egg_info
[1.422s] removing '/home/neha/projectTello/finalProject/install/face_tracking_drone/lib/python3.8/site-packages/face_tracking_drone-0.0.0-py3.8.egg-info' (and everything under it)
[1.424s] Copying ../../build/face_tracking_drone/face_tracking_drone.egg-info to /home/neha/projectTello/finalProject/install/face_tracking_drone/lib/python3.8/site-packages/face_tracking_drone-0.0.0-py3.8.egg-info
[1.427s] running install_scripts
[1.458s] Installing drone_node script to /home/neha/projectTello/finalProject/install/face_tracking_drone/lib/face_tracking_drone
[1.458s] Installing opencv_node script to /home/neha/projectTello/finalProject/install/face_tracking_drone/lib/face_tracking_drone
[1.458s] writing list of installed files to '/home/neha/projectTello/finalProject/build/face_tracking_drone/install.log'
[1.534s] Invoked command in '/home/neha/projectTello/finalProject/src/face_tracking_drone' returned '0': PS1=(rosenv) \[\e]0;\u@\h: \w\a\]${debian_chroot:+($debian_chroot)}\[\033[01;32m\]\u@\h\[\033[00m\]:\[\033[01;34m\]\w\[\033[00m\]\$ PYTHONPATH=/home/neha/projectTello/finalProject/install/face_tracking_drone/lib/python3.8/site-packages:${PYTHONPATH} /usr/bin/python3 setup.py egg_info --egg-base ../../build/face_tracking_drone build --build-base /home/neha/projectTello/finalProject/build/face_tracking_drone/build install --prefix /home/neha/projectTello/finalProject/install/face_tracking_drone --record /home/neha/projectTello/finalProject/build/face_tracking_drone/install.log --single-version-externally-managed
