[0.254s] Invoking command in '/home/neha/projectTello/finalProject/src/face_tracking_drone': PS1=(rosenv) \[\e]0;\u@\h: \w\a\]${debian_chroot:+($debian_chroot)}\[\033[01;32m\]\u@\h\[\033[00m\]:\[\033[01;34m\]\w\[\033[00m\]\$ PYTHONPATH=/home/neha/projectTello/finalProject/src/install/face_tracking_drone/lib/python3.8/site-packages:${PYTHONPATH} /usr/bin/python3 setup.py egg_info --egg-base ../build/face_tracking_drone build --build-base /home/neha/projectTello/finalProject/src/build/face_tracking_drone/build install --prefix /home/neha/projectTello/finalProject/src/install/face_tracking_drone --record /home/neha/projectTello/finalProject/src/build/face_tracking_drone/install.log --single-version-externally-managed
[0.459s] running egg_info
[0.459s] creating ../build/face_tracking_drone/face_tracking_drone.egg-info
[0.460s] writing ../build/face_tracking_drone/face_tracking_drone.egg-info/PKG-INFO
[0.460s] writing dependency_links to ../build/face_tracking_drone/face_tracking_drone.egg-info/dependency_links.txt
[0.460s] writing entry points to ../build/face_tracking_drone/face_tracking_drone.egg-info/entry_points.txt
[0.460s] writing requirements to ../build/face_tracking_drone/face_tracking_drone.egg-info/requires.txt
[0.460s] writing top-level names to ../build/face_tracking_drone/face_tracking_drone.egg-info/top_level.txt
[0.461s] writing manifest file '../build/face_tracking_drone/face_tracking_drone.egg-info/SOURCES.txt'
[0.491s] reading manifest file '../build/face_tracking_drone/face_tracking_drone.egg-info/SOURCES.txt'
[0.492s] writing manifest file '../build/face_tracking_drone/face_tracking_drone.egg-info/SOURCES.txt'
[0.492s] running build
[0.492s] running build_py
[0.492s] creating /home/neha/projectTello/finalProject/src/build/face_tracking_drone/build
[0.492s] creating /home/neha/projectTello/finalProject/src/build/face_tracking_drone/build/lib
[0.492s] creating /home/neha/projectTello/finalProject/src/build/face_tracking_drone/build/lib/face_tracking_drone
[0.493s] copying face_tracking_drone/__init__.py -> /home/neha/projectTello/finalProject/src/build/face_tracking_drone/build/lib/face_tracking_drone
[0.493s] copying face_tracking_drone/drone_node.py -> /home/neha/projectTello/finalProject/src/build/face_tracking_drone/build/lib/face_tracking_drone
[0.493s] running install
[0.493s] running install_lib
[0.494s] creating /home/neha/projectTello/finalProject/src/install/face_tracking_drone/lib/python3.8/site-packages/face_tracking_drone
[0.494s] copying /home/neha/projectTello/finalProject/src/build/face_tracking_drone/build/lib/face_tracking_drone/__init__.py -> /home/neha/projectTello/finalProject/src/install/face_tracking_drone/lib/python3.8/site-packages/face_tracking_drone
[0.495s] copying /home/neha/projectTello/finalProject/src/build/face_tracking_drone/build/lib/face_tracking_drone/drone_node.py -> /home/neha/projectTello/finalProject/src/install/face_tracking_drone/lib/python3.8/site-packages/face_tracking_drone
[0.495s] byte-compiling /home/neha/projectTello/finalProject/src/install/face_tracking_drone/lib/python3.8/site-packages/face_tracking_drone/__init__.py to __init__.cpython-38.pyc
[0.496s] byte-compiling /home/neha/projectTello/finalProject/src/install/face_tracking_drone/lib/python3.8/site-packages/face_tracking_drone/drone_node.py to drone_node.cpython-38.pyc
[0.496s] running install_data
[0.497s] creating /home/neha/projectTello/finalProject/src/install/face_tracking_drone/share/ament_index
[0.497s] creating /home/neha/projectTello/finalProject/src/install/face_tracking_drone/share/ament_index/resource_index
[0.497s] creating /home/neha/projectTello/finalProject/src/install/face_tracking_drone/share/ament_index/resource_index/packages
[0.497s] copying resource/face_tracking_drone -> /home/neha/projectTello/finalProject/src/install/face_tracking_drone/share/ament_index/resource_index/packages
[0.497s] copying package.xml -> /home/neha/projectTello/finalProject/src/install/face_tracking_drone/share/face_tracking_drone
[0.497s] running install_egg_info
[0.499s] Copying ../build/face_tracking_drone/face_tracking_drone.egg-info to /home/neha/projectTello/finalProject/src/install/face_tracking_drone/lib/python3.8/site-packages/face_tracking_drone-0.0.0-py3.8.egg-info
[0.499s] running install_scripts
[0.516s] Installing drone_node script to /home/neha/projectTello/finalProject/src/install/face_tracking_drone/lib/face_tracking_drone
[0.516s] writing list of installed files to '/home/neha/projectTello/finalProject/src/build/face_tracking_drone/install.log'
[0.537s] Invoked command in '/home/neha/projectTello/finalProject/src/face_tracking_drone' returned '0': PS1=(rosenv) \[\e]0;\u@\h: \w\a\]${debian_chroot:+($debian_chroot)}\[\033[01;32m\]\u@\h\[\033[00m\]:\[\033[01;34m\]\w\[\033[00m\]\$ PYTHONPATH=/home/neha/projectTello/finalProject/src/install/face_tracking_drone/lib/python3.8/site-packages:${PYTHONPATH} /usr/bin/python3 setup.py egg_info --egg-base ../build/face_tracking_drone build --build-base /home/neha/projectTello/finalProject/src/build/face_tracking_drone/build install --prefix /home/neha/projectTello/finalProject/src/install/face_tracking_drone --record /home/neha/projectTello/finalProject/src/build/face_tracking_drone/install.log --single-version-externally-managed
