[0.023s] Invoking command in '/home/neha/projectTello/finalProject/src/build/custom_messages': CMAKE_PREFIX_PATH=/opt/ros/foxy PS1=(rosenv) \[\e]0;\u@\h: \w\a\]${debian_chroot:+($debian_chroot)}\[\033[01;32m\]\u@\h\[\033[00m\]:\[\033[01;34m\]\w\[\033[00m\]\$ /usr/bin/cmake /home/neha/projectTello/finalProject/src/custom_messages -DCMAKE_INSTALL_PREFIX=/home/neha/projectTello/finalProject/src/install/custom_messages
[0.278s] -- The C compiler identification is GNU 9.3.0
[0.279s] -- The CXX compiler identification is GNU 9.3.0
[0.280s] -- Check for working C compiler: /usr/bin/cc
[0.280s] -- Check for working C compiler: /usr/bin/cc -- works
[0.280s] -- Detecting C compiler ABI info
[0.282s] -- Detecting C compiler ABI info - done
[0.288s] -- Detecting C compile features
[0.288s] -- Detecting C compile features - done
[0.291s] -- Check for working CXX compiler: /usr/bin/c++
[0.367s] -- Check for working CXX compiler: /usr/bin/c++ -- works
[0.369s] -- Detecting CXX compiler ABI info
[0.446s] -- Detecting CXX compiler ABI info - done
[0.458s] -- Detecting CXX compile features
[0.458s] -- Detecting CXX compile features - done
[0.460s] -- Found ament_cmake: 0.9.8 (/opt/ros/foxy/share/ament_cmake/cmake)
[0.487s] -- Found PythonInterp: /home/neha/.venv/rosenv/bin/python3 (found suitable version "3.8.10", minimum required is "3") 
[0.487s] -- Using PYTHON_EXECUTABLE: /home/neha/.venv/rosenv/bin/python3
[0.723s] -- Found ament_lint_auto: 0.9.6 (/opt/ros/foxy/share/ament_lint_auto/cmake)
[0.796s] -- Found rosidl_default_generators: 1.0.1 (/opt/ros/foxy/share/rosidl_default_generators/cmake)
[0.798s] -- Using all available rosidl_typesupport_c: rosidl_typesupport_fastrtps_c;rosidl_typesupport_introspection_c
[0.804s] -- Found rosidl_adapter: 1.2.1 (/opt/ros/foxy/share/rosidl_adapter/cmake)
[0.895s] -- Found OpenSSL: /usr/lib/x86_64-linux-gnu/libcrypto.so (found version "1.1.1f")  
[0.924s] -- Found FastRTPS: /opt/ros/foxy/include  
[0.998s] -- Using all available rosidl_typesupport_cpp: rosidl_typesupport_fastrtps_cpp;rosidl_typesupport_introspection_cpp
[1.046s] -- Found PythonInterp: /home/neha/.venv/rosenv/bin/python3 (found version "3.8.10") 
[1.116s] -- Found ament_cmake_ros: 0.9.2 (/opt/ros/foxy/share/ament_cmake_ros/cmake)
[1.234s] -- Using all available rosidl_typesupport_c: rosidl_typesupport_fastrtps_c;rosidl_typesupport_introspection_c
[1.241s] -- Using all available rosidl_typesupport_cpp: rosidl_typesupport_fastrtps_cpp;rosidl_typesupport_introspection_cpp
[1.269s] -- Found PythonInterp: /home/neha/.venv/rosenv/bin/python3 (found suitable version "3.8.10", minimum required is "3.5") 
[1.270s] -- Found python_cmake_module: 0.8.1 (/opt/ros/foxy/share/python_cmake_module/cmake)
[1.300s] -- Found PythonLibs: /usr/lib/x86_64-linux-gnu/libpython3.8.so (found suitable version "3.8.10", minimum required is "3.5") 
[1.300s] -- Using PYTHON_EXECUTABLE: /home/neha/.venv/rosenv/bin/python3
[1.300s] -- Using PYTHON_INCLUDE_DIRS: /usr/include/python3.8
[1.301s] -- Using PYTHON_LIBRARIES: /usr/lib/x86_64-linux-gnu/libpython3.8.so
[1.324s] -- Found PythonExtra: .so  
[1.369s] -- Added test 'copyright' to check source files copyright and LICENSE
[1.373s] -- Added test 'flake8' to check Python code syntax and style conventions
[1.374s] -- Added test 'lint_cmake' to check CMake code style
[1.375s] -- Added test 'pep257' to check Python code against some of the style conventions in PEP 257
[1.377s] -- Added test 'xmllint' to check XML markup files
[1.384s] -- Configuring done
[1.413s] -- Generating done
[1.415s] -- Build files have been written to: /home/neha/projectTello/finalProject/src/build/custom_messages
[1.422s] Invoked command in '/home/neha/projectTello/finalProject/src/build/custom_messages' returned '0': CMAKE_PREFIX_PATH=/opt/ros/foxy PS1=(rosenv) \[\e]0;\u@\h: \w\a\]${debian_chroot:+($debian_chroot)}\[\033[01;32m\]\u@\h\[\033[00m\]:\[\033[01;34m\]\w\[\033[00m\]\$ /usr/bin/cmake /home/neha/projectTello/finalProject/src/custom_messages -DCMAKE_INSTALL_PREFIX=/home/neha/projectTello/finalProject/src/install/custom_messages
[1.425s] Invoking command in '/home/neha/projectTello/finalProject/src/build/custom_messages': CMAKE_PREFIX_PATH=/opt/ros/foxy PS1=(rosenv) \[\e]0;\u@\h: \w\a\]${debian_chroot:+($debian_chroot)}\[\033[01;32m\]\u@\h\[\033[00m\]:\[\033[01;34m\]\w\[\033[00m\]\$ /usr/bin/cmake --build /home/neha/projectTello/finalProject/src/build/custom_messages -- -j8 -l8
[1.465s] [  3%] [34m[1mGenerating C code for ROS interfaces[0m
[1.465s] [35m[1mScanning dependencies of target custom_messages__cpp[0m
[1.475s] [  6%] [34m[1mGenerating C++ code for ROS interfaces[0m
[1.683s] [35m[1mScanning dependencies of target custom_messages__rosidl_generator_c[0m
[1.689s] [  6%] Built target custom_messages__cpp
[1.694s] [  9%] [32mBuilding C object CMakeFiles/custom_messages__rosidl_generator_c.dir/rosidl_generator_c/custom_messages/msg/detail/int_list__functions.c.o[0m
[1.700s] [ 19%] [34m[1mGenerating C++ introspection for ROS interfaces[0m
[1.700s] [ 19%] [34m[1mGenerating C++ type support dispatch for ROS interfaces[0m
[1.700s] [ 19%] [34m[1mGenerating C++ type support for eProsima Fast-RTPS[0m
[1.707s] In file included from [01m[K/home/neha/projectTello/finalProject/src/build/custom_messages/rosidl_generator_c/custom_messages/msg/detail/int_list__functions.h:19[m[K,
[1.707s]                  from [01m[K/home/neha/projectTello/finalProject/src/build/custom_messages/rosidl_generator_c/custom_messages/msg/detail/int_list__functions.c:4[m[K:
[1.707s] [01m[K/home/neha/projectTello/finalProject/src/build/custom_messages/rosidl_generator_c/custom_messages/msg/detail/int_list__struct.h:22:10:[m[K [01;31m[Kfatal error: [m[Kcustom_messages/msg/detail/int32__struct.h: No such file or directory
[1.707s]    22 | #include [01;31m[K"custom_messages/msg/detail/int32__struct.h"[m[K
[1.708s]       |          [01;31m[K^~~~~~~~~~~~~~~~~~~~~~~~~~~~~~~~~~~~~~~~~~~~[m[K
[1.708s] compilation terminated.
[1.708s] make[2]: *** [CMakeFiles/custom_messages__rosidl_generator_c.dir/build.make:92: CMakeFiles/custom_messages__rosidl_generator_c.dir/rosidl_generator_c/custom_messages/msg/detail/int_list__functions.c.o] Error 1
[1.708s] make[1]: *** [CMakeFiles/Makefile2:273: CMakeFiles/custom_messages__rosidl_generator_c.dir/all] Error 2
[1.708s] make[1]: *** Waiting for unfinished jobs....
[2.119s] [35m[1mScanning dependencies of target custom_messages__rosidl_typesupport_cpp[0m
[2.166s] [ 22%] [32mBuilding CXX object CMakeFiles/custom_messages__rosidl_typesupport_cpp.dir/rosidl_typesupport_cpp/custom_messages/msg/int_list__type_support.cpp.o[0m
[2.210s] [35m[1mScanning dependencies of target custom_messages__rosidl_typesupport_fastrtps_cpp[0m
[2.270s] [35m[1mScanning dependencies of target custom_messages__rosidl_typesupport_introspection_cpp[0m
[2.272s] [ 25%] [32mBuilding CXX object CMakeFiles/custom_messages__rosidl_typesupport_fastrtps_cpp.dir/rosidl_typesupport_fastrtps_cpp/custom_messages/msg/detail/dds_fastrtps/int_list__type_support.cpp.o[0m
[2.323s] [ 29%] [32mBuilding CXX object CMakeFiles/custom_messages__rosidl_typesupport_introspection_cpp.dir/rosidl_typesupport_introspection_cpp/custom_messages/msg/detail/int_list__type_support.cpp.o[0m
[2.367s] In file included from [01m[K/home/neha/projectTello/finalProject/src/build/custom_messages/rosidl_typesupport_cpp/custom_messages/msg/int_list__type_support.cpp:7[m[K:
[2.368s] [01m[K/home/neha/projectTello/finalProject/src/build/custom_messages/rosidl_generator_cpp/custom_messages/msg/detail/int_list__struct.hpp:19:10:[m[K [01;31m[Kfatal error: [m[Kcustom_messages/msg/detail/int32__struct.hpp: No such file or directory
[2.368s]    19 | #include [01;31m[K"custom_messages/msg/detail/int32__struct.hpp"[m[K
[2.369s]       |          [01;31m[K^~~~~~~~~~~~~~~~~~~~~~~~~~~~~~~~~~~~~~~~~~~~~~[m[K
[2.369s] compilation terminated.
[2.371s] make[2]: *** [CMakeFiles/custom_messages__rosidl_typesupport_cpp.dir/build.make:73: CMakeFiles/custom_messages__rosidl_typesupport_cpp.dir/rosidl_typesupport_cpp/custom_messages/msg/int_list__type_support.cpp.o] Error 1
[2.372s] make[1]: *** [CMakeFiles/Makefile2:469: CMakeFiles/custom_messages__rosidl_typesupport_cpp.dir/all] Error 2
[2.483s] In file included from [01m[K/home/neha/projectTello/finalProject/src/build/custom_messages/rosidl_typesupport_fastrtps_cpp/custom_messages/msg/detail/int_list__rosidl_typesupport_fastrtps_cpp.hpp:11[m[K,
[2.484s]                  from [01m[K/home/neha/projectTello/finalProject/src/build/custom_messages/rosidl_typesupport_fastrtps_cpp/custom_messages/msg/detail/dds_fastrtps/int_list__type_support.cpp:4[m[K:
[2.484s] [01m[K/home/neha/projectTello/finalProject/src/build/custom_messages/rosidl_generator_cpp/custom_messages/msg/detail/int_list__struct.hpp:19:10:[m[K [01;31m[Kfatal error: [m[Kcustom_messages/msg/detail/int32__struct.hpp: No such file or directory
[2.485s]    19 | #include [01;31m[K"custom_messages/msg/detail/int32__struct.hpp"[m[K
[2.485s]       |          [01;31m[K^~~~~~~~~~~~~~~~~~~~~~~~~~~~~~~~~~~~~~~~~~~~~~[m[K
[2.486s] compilation terminated.
[2.490s] make[2]: *** [CMakeFiles/custom_messages__rosidl_typesupport_fastrtps_cpp.dir/build.make:78: CMakeFiles/custom_messages__rosidl_typesupport_fastrtps_cpp.dir/rosidl_typesupport_fastrtps_cpp/custom_messages/msg/detail/dds_fastrtps/int_list__type_support.cpp.o] Error 1
[2.490s] make[1]: *** [CMakeFiles/Makefile2:415: CMakeFiles/custom_messages__rosidl_typesupport_fastrtps_cpp.dir/all] Error 2
[2.506s] In file included from [01m[K/home/neha/projectTello/finalProject/src/build/custom_messages/rosidl_typesupport_introspection_cpp/custom_messages/msg/detail/int_list__type_support.cpp:12[m[K:
[2.506s] [01m[K/home/neha/projectTello/finalProject/src/build/custom_messages/rosidl_generator_cpp/custom_messages/msg/detail/int_list__struct.hpp:19:10:[m[K [01;31m[Kfatal error: [m[Kcustom_messages/msg/detail/int32__struct.hpp: No such file or directory
[2.507s]    19 | #include [01;31m[K"custom_messages/msg/detail/int32__struct.hpp"[m[K
[2.508s]       |          [01;31m[K^~~~~~~~~~~~~~~~~~~~~~~~~~~~~~~~~~~~~~~~~~~~~~[m[K
[2.508s] compilation terminated.
[2.510s] make[2]: *** [CMakeFiles/custom_messages__rosidl_typesupport_introspection_cpp.dir/build.make:78: CMakeFiles/custom_messages__rosidl_typesupport_introspection_cpp.dir/rosidl_typesupport_introspection_cpp/custom_messages/msg/detail/int_list__type_support.cpp.o] Error 1
[2.510s] make[1]: *** [CMakeFiles/Makefile2:442: CMakeFiles/custom_messages__rosidl_typesupport_introspection_cpp.dir/all] Error 2
[2.511s] make: *** [Makefile:141: all] Error 2
[2.517s] Invoked command in '/home/neha/projectTello/finalProject/src/build/custom_messages' returned '2': CMAKE_PREFIX_PATH=/opt/ros/foxy PS1=(rosenv) \[\e]0;\u@\h: \w\a\]${debian_chroot:+($debian_chroot)}\[\033[01;32m\]\u@\h\[\033[00m\]:\[\033[01;34m\]\w\[\033[00m\]\$ /usr/bin/cmake --build /home/neha/projectTello/finalProject/src/build/custom_messages -- -j8 -l8
